<?xml version="1.0" encoding="UTF-8"?>
<testng-results skipped="0" failed="1" ignored="0" total="4" passed="3">
  <reporter-output>
  </reporter-output>
  <suite name="Command line suite" duration-ms="4736" started-at="2020-07-17T10:06:23Z" finished-at="2020-07-17T10:06:28Z">
    <groups>
    </groups>
    <test name="Command line test" duration-ms="4736" started-at="2020-07-17T10:06:23Z" finished-at="2020-07-17T10:06:28Z">
      <class name="TestScripts.TestPut">
        <test-method status="PASS" signature="TestPost_1()[pri:0, instance:TestScripts.TestPut@6b2fad11]" name="TestPost_1" duration-ms="749" started-at="2020-07-17T10:06:26Z" finished-at="2020-07-17T10:06:27Z">
          <reporter-output>
          </reporter-output>
        </test-method> <!-- TestPost_1 -->
      </class> <!-- TestScripts.TestPut -->
      <class name="TestScripts.TestPost">
        <test-method status="FAIL" signature="testpost()[pri:0, instance:TestScripts.TestPost@73f792cf]" name="testpost" duration-ms="641" started-at="2020-07-17T10:06:27Z" finished-at="2020-07-17T10:06:28Z">
          <exception class="java.lang.AssertionError">
            <message>
              <![CDATA[expected [201] but found [404]]]>
            </message>
            <full-stacktrace>
              <![CDATA[java.lang.AssertionError: expected [201] but found [404]
at org.testng.Assert.fail(Assert.java:96)
at org.testng.Assert.failNotEquals(Assert.java:776)
at org.testng.Assert.assertEqualsImpl(Assert.java:137)
at org.testng.Assert.assertEquals(Assert.java:118)
at org.testng.Assert.assertEquals(Assert.java:442)
at TestScripts.TestPost.testpost(TestPost.java:77)
at sun.reflect.NativeMethodAccessorImpl.invoke0(Native Method)
at sun.reflect.NativeMethodAccessorImpl.invoke(NativeMethodAccessorImpl.java:62)
at sun.reflect.DelegatingMethodAccessorImpl.invoke(DelegatingMethodAccessorImpl.java:43)
at java.lang.reflect.Method.invoke(Method.java:498)
at org.testng.internal.MethodInvocationHelper.invokeMethod(MethodInvocationHelper.java:124)
at org.testng.internal.Invoker.invokeMethod(Invoker.java:583)
at org.testng.internal.Invoker.invokeTestMethod(Invoker.java:719)
at org.testng.internal.Invoker.invokeTestMethods(Invoker.java:989)
at org.testng.internal.TestMethodWorker.invokeTestMethods(TestMethodWorker.java:125)
at org.testng.internal.TestMethodWorker.run(TestMethodWorker.java:109)
at org.testng.TestRunner.privateRun(TestRunner.java:648)
at org.testng.TestRunner.run(TestRunner.java:505)
at org.testng.SuiteRunner.runTest(SuiteRunner.java:455)
at org.testng.SuiteRunner.runSequentially(SuiteRunner.java:450)
at org.testng.SuiteRunner.privateRun(SuiteRunner.java:415)
at org.testng.SuiteRunner.run(SuiteRunner.java:364)
at org.testng.SuiteRunnerWorker.runSuite(SuiteRunnerWorker.java:52)
at org.testng.SuiteRunnerWorker.run(SuiteRunnerWorker.java:84)
at org.testng.TestNG.runSuitesSequentially(TestNG.java:1208)
at org.testng.TestNG.runSuitesLocally(TestNG.java:1137)
at org.testng.TestNG.runSuites(TestNG.java:1049)
at org.testng.TestNG.run(TestNG.java:1017)
at org.apache.maven.surefire.testng.TestNGExecutor.run(TestNGExecutor.java:77)
at org.apache.maven.surefire.testng.TestNGDirectoryTestSuite.executeMulti(TestNGDirectoryTestSuite.java:159)
at org.apache.maven.surefire.testng.TestNGDirectoryTestSuite.execute(TestNGDirectoryTestSuite.java:99)
at org.apache.maven.surefire.testng.TestNGProvider.invoke(TestNGProvider.java:106)
at sun.reflect.NativeMethodAccessorImpl.invoke0(Native Method)
at sun.reflect.NativeMethodAccessorImpl.invoke(NativeMethodAccessorImpl.java:62)
at sun.reflect.DelegatingMethodAccessorImpl.invoke(DelegatingMethodAccessorImpl.java:43)
at java.lang.reflect.Method.invoke(Method.java:498)
at org.apache.maven.surefire.util.ReflectionUtils.invokeMethodWithArray(ReflectionUtils.java:189)
at org.apache.maven.surefire.booter.ProviderFactory$ProviderProxy.invoke(ProviderFactory.java:165)
at org.apache.maven.surefire.booter.ProviderFactory.invokeProvider(ProviderFactory.java:85)
at org.apache.maven.surefire.booter.ForkedBooter.runSuitesInProcess(ForkedBooter.java:115)
at org.apache.maven.surefire.booter.ForkedBooter.main(ForkedBooter.java:75)
]]>
            </full-stacktrace>
          </exception> <!-- java.lang.AssertionError -->
          <reporter-output>
          </reporter-output>
        </test-method> <!-- testpost -->
      </class> <!-- TestScripts.TestPost -->
      <class name="TestScripts.TestGet">
        <test-method status="PASS" signature="testusingmethods()[pri:0, instance:TestScripts.TestGet@79698539]" name="testusingmethods" duration-ms="746" started-at="2020-07-17T10:06:27Z" finished-at="2020-07-17T10:06:27Z">
          <reporter-output>
          </reporter-output>
        </test-method> <!-- testusingmethods -->
      </class> <!-- TestScripts.TestGet -->
      <class name="TestScripts.TestDelete">
        <test-method status="PASS" signature="TestDelete_1()[pri:0, instance:TestScripts.TestDelete@79b4d0f]" name="TestDelete_1" duration-ms="2571" started-at="2020-07-17T10:06:23Z" finished-at="2020-07-17T10:06:26Z">
          <reporter-output>
          </reporter-output>
        </test-method> <!-- TestDelete_1 -->
      </class> <!-- TestScripts.TestDelete -->
    </test> <!-- Command line test -->
  </suite> <!-- Command line suite -->
</testng-results>
